  stdafx.cpp
  FTPClient.cpp
d:\dev\c++\ftp client\ftp-client\ftpclient\ftpclient.h(29): warning C4005: 'DELETE': macro redefinition
  c:\program files (x86)\windows kits\10\include\10.0.16299.0\um\winnt.h(8865): note: see previous definition of 'DELETE'
d:\dev\c++\ftp client\ftp-client\ftpclient\ftpclient.cpp(58): warning C4018: '<': signed/unsigned mismatch
d:\dev\c++\ftp client\ftp-client\ftpclient\ftpclient.cpp(62): warning C4018: '<': signed/unsigned mismatch
d:\dev\c++\ftp client\ftp-client\ftpclient\ftpclient.cpp(73): warning C4018: '<': signed/unsigned mismatch
d:\dev\c++\ftp client\ftp-client\ftpclient\ftpclient.cpp(447): warning C4018: '<': signed/unsigned mismatch
d:\dev\c++\ftp client\ftp-client\ftpclient\ftpclient.cpp(450): warning C4996: 'getch': The POSIX name for this item is deprecated. Instead, use the ISO C and C++ conformant name: _getch. See online help for details.
  c:\program files (x86)\windows kits\10\include\10.0.16299.0\ucrt\conio.h(452): note: see declaration of 'getch'
d:\dev\c++\ftp client\ftp-client\ftpclient\ftpclient.cpp(524): warning C4018: '<': signed/unsigned mismatch
d:\dev\c++\ftp client\ftp-client\ftpclient\ftpclient.cpp(579): warning C4244: 'argument': conversion from 'std::streamsize' to 'int', possible loss of data
d:\dev\c++\ftp client\ftp-client\ftpclient\ftpclient.cpp(612): warning C4018: '<': signed/unsigned mismatch
d:\dev\c++\ftp client\ftp-client\ftpclient\ftpclient.cpp(615): warning C4996: 'getch': The POSIX name for this item is deprecated. Instead, use the ISO C and C++ conformant name: _getch. See online help for details.
  c:\program files (x86)\windows kits\10\include\10.0.16299.0\ucrt\conio.h(452): note: see declaration of 'getch'
d:\dev\c++\ftp client\ftp-client\ftpclient\ftpclient.cpp(641): warning C4018: '<': signed/unsigned mismatch
d:\dev\c++\ftp client\ftp-client\ftpclient\ftpclient.cpp(654): warning C4018: '<': signed/unsigned mismatch
d:\dev\c++\ftp client\ftp-client\ftpclient\ftpclient.cpp(688): warning C4018: '<': signed/unsigned mismatch
d:\dev\c++\ftp client\ftp-client\ftpclient\ftpclient.cpp(76): warning C4715: 'FTPClient::defineOrder': not all control paths return a value
  FTPClient.vcxproj -> D:\Dev\C++\FTP client\FTP-Client\Debug\FTPClient.exe
